DEPRECATION WARNING: Non-URL-safe CSRF tokens are deprecated. Use 6.1 defaults or above. (called from block (3 levels) in <class:Railtie> at /Users/jing.wu/.rbenv/versions/3.1.2/lib/ruby/gems/3.1.0/gems/actionpack-7.0.4/lib/action_controller/railtie.rb:80)
DEPRECATION WARNING: Using legacy connection handling is deprecated. Please set
`legacy_connection_handling` to `false` in your application.

The new connection handling does not support `connection_handlers`
getter and setter.

Read more about how to migrate at: https://guides.rubyonrails.org/active_record_multiple_databases.html#migrate-to-the-new-connection-handling
 (called from block (2 levels) in <class:Railtie> at /Users/jing.wu/.rbenv/versions/3.1.2/lib/ruby/gems/3.1.0/gems/activerecord-7.0.4/lib/active_record/railtie.rb:264)
Started GET "/" for ::1 at 2022-12-06 17:45:20 +0000
  [1m[35m (0.9ms)[0m  [1m[35mCREATE TABLE "schema_migrations" ("version" varchar NOT NULL PRIMARY KEY)[0m
  [1m[35m (0.6ms)[0m  [1m[35mCREATE TABLE "ar_internal_metadata" ("key" varchar NOT NULL PRIMARY KEY, "value" varchar, "created_at" datetime(6) NOT NULL, "updated_at" datetime(6) NOT NULL)[0m
  [1m[36mActiveRecord::SchemaMigration Pluck (0.1ms)[0m  [1m[34mSELECT "schema_migrations"."version" FROM "schema_migrations" ORDER BY "schema_migrations"."version" ASC[0m
  
ActiveRecord::PendingMigrationError (

Migrations are pending. To resolve this issue, run:

        bin/rails db:migrate RAILS_ENV=development

You have 1 pending migration:

20180922172826_create_places.rb


):
  
activerecord (7.0.4) lib/active_record/migration.rb:627:in `check_pending!'
activerecord (7.0.4) lib/active_record/migration.rb:592:in `block (2 levels) in call'
activesupport (7.0.4) lib/active_support/evented_file_update_checker.rb:57:in `execute'
activerecord (7.0.4) lib/active_record/migration.rb:597:in `block in call'
activerecord (7.0.4) lib/active_record/migration.rb:589:in `synchronize'
activerecord (7.0.4) lib/active_record/migration.rb:589:in `call'
actionpack (7.0.4) lib/action_dispatch/middleware/callbacks.rb:27:in `block in call'
activesupport (7.0.4) lib/active_support/callbacks.rb:99:in `run_callbacks'
actionpack (7.0.4) lib/action_dispatch/middleware/callbacks.rb:26:in `call'
actionpack (7.0.4) lib/action_dispatch/middleware/executor.rb:14:in `call'
actionpack (7.0.4) lib/action_dispatch/middleware/actionable_exceptions.rb:17:in `call'
actionpack (7.0.4) lib/action_dispatch/middleware/debug_exceptions.rb:28:in `call'
web-console (4.2.0) lib/web_console/middleware.rb:132:in `call_app'
web-console (4.2.0) lib/web_console/middleware.rb:28:in `block in call'
web-console (4.2.0) lib/web_console/middleware.rb:17:in `catch'
web-console (4.2.0) lib/web_console/middleware.rb:17:in `call'
actionpack (7.0.4) lib/action_dispatch/middleware/show_exceptions.rb:26:in `call'
railties (7.0.4) lib/rails/rack/logger.rb:40:in `call_app'
railties (7.0.4) lib/rails/rack/logger.rb:25:in `block in call'
activesupport (7.0.4) lib/active_support/tagged_logging.rb:99:in `block in tagged'
activesupport (7.0.4) lib/active_support/tagged_logging.rb:37:in `tagged'
activesupport (7.0.4) lib/active_support/tagged_logging.rb:99:in `tagged'
railties (7.0.4) lib/rails/rack/logger.rb:25:in `call'
sprockets-rails (3.4.2) lib/sprockets/rails/quiet_assets.rb:13:in `call'
actionpack (7.0.4) lib/action_dispatch/middleware/remote_ip.rb:93:in `call'
actionpack (7.0.4) lib/action_dispatch/middleware/request_id.rb:26:in `call'
rack (2.2.4) lib/rack/method_override.rb:24:in `call'
rack (2.2.4) lib/rack/runtime.rb:22:in `call'
activesupport (7.0.4) lib/active_support/cache/strategy/local_cache_middleware.rb:29:in `call'
actionpack (7.0.4) lib/action_dispatch/middleware/executor.rb:14:in `call'
actionpack (7.0.4) lib/action_dispatch/middleware/static.rb:23:in `call'
rack (2.2.4) lib/rack/sendfile.rb:110:in `call'
actionpack (7.0.4) lib/action_dispatch/middleware/host_authorization.rb:137:in `call'
railties (7.0.4) lib/rails/engine.rb:530:in `call'
puma (3.12.6) lib/puma/configuration.rb:227:in `call'
puma (3.12.6) lib/puma/server.rb:706:in `handle_request'
puma (3.12.6) lib/puma/server.rb:476:in `process_client'
puma (3.12.6) lib/puma/server.rb:334:in `block in run'
puma (3.12.6) lib/puma/thread_pool.rb:135:in `block in spawn_thread'
DEPRECATION WARNING: Using legacy connection handling is deprecated. Please set
`legacy_connection_handling` to `false` in your application.

The new connection handling does not support `connection_handlers`
getter and setter.

Read more about how to migrate at: https://guides.rubyonrails.org/active_record_multiple_databases.html#migrate-to-the-new-connection-handling
 (called from <top (required)> at /Users/jing.wu/Documents/gmaps-rails-example/bin/rails:9)
  [1m[36mActiveRecord::SchemaMigration Pluck (0.1ms)[0m  [1m[34mSELECT "schema_migrations"."version" FROM "schema_migrations" ORDER BY "schema_migrations"."version" ASC[0m
Migrating to CreatePlaces (20180922172826)
  [1m[36mTRANSACTION (0.0ms)[0m  [1m[36mbegin transaction[0m
  [1m[35m (0.4ms)[0m  [1m[35mCREATE TABLE "places" ("id" integer PRIMARY KEY AUTOINCREMENT NOT NULL, "name" varchar, "latitude" decimal, "longitude" decimal, "created_at" datetime NOT NULL, "updated_at" datetime NOT NULL)[0m
  [1m[36mActiveRecord::SchemaMigration Create (0.1ms)[0m  [1m[32mINSERT INTO "schema_migrations" ("version") VALUES (?)[0m  [["version", "20180922172826"]]
  [1m[36mTRANSACTION (0.9ms)[0m  [1m[36mcommit transaction[0m
  [1m[36mActiveRecord::InternalMetadata Load (0.1ms)[0m  [1m[34mSELECT "ar_internal_metadata".* FROM "ar_internal_metadata" WHERE "ar_internal_metadata"."key" = ? LIMIT ?[0m  [["key", "environment"], ["LIMIT", 1]]
  [1m[36mTRANSACTION (0.0ms)[0m  [1m[36mbegin transaction[0m
  [1m[36mActiveRecord::InternalMetadata Create (0.2ms)[0m  [1m[32mINSERT INTO "ar_internal_metadata" ("key", "value", "created_at", "updated_at") VALUES (?, ?, ?, ?)[0m  [["key", "environment"], ["value", "development"], ["created_at", "2022-12-06 17:45:38.760111"], ["updated_at", "2022-12-06 17:45:38.760111"]]
  [1m[36mTRANSACTION (0.6ms)[0m  [1m[36mcommit transaction[0m
  [1m[36mActiveRecord::SchemaMigration Pluck (0.0ms)[0m  [1m[34mSELECT "schema_migrations"."version" FROM "schema_migrations" ORDER BY "schema_migrations"."version" ASC[0m
DEPRECATION WARNING: Non-URL-safe CSRF tokens are deprecated. Use 6.1 defaults or above. (called from block (3 levels) in <class:Railtie> at /Users/jing.wu/.rbenv/versions/3.1.2/lib/ruby/gems/3.1.0/gems/actionpack-7.0.4/lib/action_controller/railtie.rb:80)
DEPRECATION WARNING: Using legacy connection handling is deprecated. Please set
`legacy_connection_handling` to `false` in your application.

The new connection handling does not support `connection_handlers`
getter and setter.

Read more about how to migrate at: https://guides.rubyonrails.org/active_record_multiple_databases.html#migrate-to-the-new-connection-handling
 (called from block (2 levels) in <class:Railtie> at /Users/jing.wu/.rbenv/versions/3.1.2/lib/ruby/gems/3.1.0/gems/activerecord-7.0.4/lib/active_record/railtie.rb:264)
Started GET "/" for ::1 at 2022-12-06 17:45:55 +0000
  [1m[36mActiveRecord::SchemaMigration Pluck (0.1ms)[0m  [1m[34mSELECT "schema_migrations"."version" FROM "schema_migrations" ORDER BY "schema_migrations"."version" ASC[0m
Processing by Rails::WelcomeController#index as HTML
  Rendering /Users/jing.wu/.rbenv/versions/3.1.2/lib/ruby/gems/3.1.0/gems/railties-7.0.4/lib/rails/templates/rails/welcome/index.html.erb
  Rendered /Users/jing.wu/.rbenv/versions/3.1.2/lib/ruby/gems/3.1.0/gems/railties-7.0.4/lib/rails/templates/rails/welcome/index.html.erb (Duration: 1.4ms | Allocations: 1473)
Completed 200 OK in 15ms (Views: 3.3ms | ActiveRecord: 0.0ms | Allocations: 7387)


Started GET "/places" for ::1 at 2022-12-06 17:47:02 +0000
Processing by PlacesController#index as HTML
  Rendering layout layouts/application.html.erb
  Rendering places/index.html.erb within layouts/application
  [1m[36mPlace Load (0.2ms)[0m  [1m[34mSELECT "places".* FROM "places"[0m
  ↳ app/views/places/index.html.erb:16
  Rendered places/index.html.erb within layouts/application (Duration: 2.8ms | Allocations: 2086)
  Rendered layout layouts/application.html.erb (Duration: 284.5ms | Allocations: 327879)
Completed 500 Internal Server Error in 291ms (ActiveRecord: 0.2ms | Allocations: 330767)


  
ActionView::Template::Error (no implicit conversion of nil into String):
     6:     <%= csp_meta_tag %>
     7: 
     8:     <%= stylesheet_link_tag    'application', media: 'all', 'data-turbolinks-track': 'reload' %>
     9:     <%= javascript_include_tag 'https://maps.googleapis.com/maps/api/js?key='+Rails.application.credentials.google_maps_api_key %>
    10:     <%= javascript_include_tag 'application', 'data-turbolinks-track': 'reload' %>
    11:     <%= yield(:head_tags) %>
    12:   </head>
  
app/views/layouts/application.html.erb:9:in `+'
app/views/layouts/application.html.erb:9
Started GET "/place" for ::1 at 2022-12-06 17:47:08 +0000
  
ActionController::RoutingError (No route matches [GET] "/place"):
  
Started GET "/places/new" for ::1 at 2022-12-06 17:47:27 +0000
Processing by PlacesController#new as HTML
  Rendering layout layouts/application.html.erb
  Rendering places/new.html.erb within layouts/application
  Rendered places/_form.html.erb (Duration: 12.1ms | Allocations: 4482)
  Rendered places/new.html.erb within layouts/application (Duration: 13.6ms | Allocations: 4785)
  Rendered layout layouts/application.html.erb (Duration: 16.3ms | Allocations: 9562)
Completed 500 Internal Server Error in 35ms (ActiveRecord: 1.4ms | Allocations: 14642)


  
ActionView::Template::Error (no implicit conversion of nil into String):
     6:     <%= csp_meta_tag %>
     7: 
     8:     <%= stylesheet_link_tag    'application', media: 'all', 'data-turbolinks-track': 'reload' %>
     9:     <%= javascript_include_tag 'https://maps.googleapis.com/maps/api/js?key='+Rails.application.credentials.google_maps_api_key %>
    10:     <%= javascript_include_tag 'application', 'data-turbolinks-track': 'reload' %>
    11:     <%= yield(:head_tags) %>
    12:   </head>
  
app/views/layouts/application.html.erb:9:in `+'
app/views/layouts/application.html.erb:9
Started GET "/places/new" for ::1 at 2022-12-06 17:49:45 +0000
Processing by PlacesController#new as HTML
  Rendering layout layouts/application.html.erb
  Rendering places/new.html.erb within layouts/application
  Rendered places/_form.html.erb (Duration: 5.4ms | Allocations: 1605)
  Rendered places/new.html.erb within layouts/application (Duration: 7.2ms | Allocations: 1903)
  Rendered layout layouts/application.html.erb (Duration: 37.2ms | Allocations: 18219)
Completed 200 OK in 42ms (Views: 39.7ms | ActiveRecord: 0.0ms | Allocations: 19356)


Started GET "/places/new" for ::1 at 2022-12-06 17:57:14 +0000
Processing by PlacesController#new as HTML
  Rendering layout layouts/application.html.erb
  Rendering places/new.html.erb within layouts/application
  Rendered places/_form.html.erb (Duration: 1.9ms | Allocations: 1586)
  Rendered places/new.html.erb within layouts/application (Duration: 2.7ms | Allocations: 1884)
  Rendered layout layouts/application.html.erb (Duration: 16.5ms | Allocations: 16834)
Completed 200 OK in 19ms (Views: 17.6ms | Allocations: 18092)


Started GET "/places/new" for ::1 at 2022-12-06 18:03:55 +0000
Processing by PlacesController#new as HTML
  Rendering layout layouts/application.html.erb
  Rendering places/new.html.erb within layouts/application
  Rendered places/_form.html.erb (Duration: 5.1ms | Allocations: 1586)
  Rendered places/new.html.erb within layouts/application (Duration: 6.9ms | Allocations: 1884)
  Rendered layout layouts/application.html.erb (Duration: 19.3ms | Allocations: 16778)
Completed 200 OK in 24ms (Views: 21.9ms | Allocations: 18031)


